info: run query: GetTeams  {"timestamp":"2021-03-15T01:06:26.677Z"}
info: DBOperation [object Object] {"timestamp":"2021-03-15T01:06:26.788Z"}
info: run query: GetMovements  {"timestamp":"2021-03-15T01:06:30.620Z"}
info: DBOperation [object Object] {"timestamp":"2021-03-15T01:06:30.732Z"}
info: run query: GetProfile 1 {"timestamp":"2021-03-15T01:06:32.532Z"}
info: DBOperation [object Object] {"timestamp":"2021-03-15T01:06:32.647Z"}
info: sendMail error: Error: Invalid login: 535-5.7.8 Username and Password not accepted. Learn more at
535 5.7.8  https://support.google.com/mail/?p=BadCredentials i10sm13180943pgo.75 - gsmtp {"timestamp":"2021-03-15T05:12:33.717Z"}
info: sendMail error: Error: Invalid login: 535-5.7.8 Username and Password not accepted. Learn more at
535 5.7.8  https://support.google.com/mail/?p=BadCredentials iq6sm9177340pjb.31 - gsmtp {"timestamp":"2021-03-15T05:13:40.904Z"}
info: sendMail error: Error: Invalid login: 535-5.7.8 Username and Password not accepted. Learn more at
535 5.7.8  https://support.google.com/mail/?p=BadCredentials b186sm12208821pfb.170 - gsmtp {"timestamp":"2021-03-15T05:13:55.578Z"}
info: mail sent: null {"timestamp":"2021-03-15T05:17:06.625Z"}
info: sendMail error: Error: Invalid login: 535-5.7.8 Username and Password not accepted. Learn more at
535 5.7.8  https://support.google.com/mail/?p=BadCredentials l10sm5922882pfc.125 - gsmtp {"timestamp":"2021-03-15T05:17:47.378Z"}
info: sendMail error: Error: Invalid login: 535-5.7.8 Username and Password not accepted. Learn more at
535 5.7.8  https://support.google.com/mail/?p=BadCredentials e21sm10877487pgv.74 - gsmtp {"timestamp":"2021-03-15T05:22:40.678Z"}
info: sendMail error: Error: Invalid login: 535-5.7.8 Username and Password not accepted. Learn more at
535 5.7.8  https://support.google.com/mail/?p=BadCredentials p3sm11293179pgl.88 - gsmtp {"timestamp":"2021-03-15T05:23:30.936Z"}
info: sendMail error: Error: Invalid login: 535-5.7.8 Username and Password not accepted. Learn more at
535 5.7.8  https://support.google.com/mail/?p=BadCredentials w5sm11968554pfn.51 - gsmtp {"timestamp":"2021-03-15T05:23:55.381Z"}
info: sendMail error: Error: Invalid login: 535-5.7.8 Username and Password not accepted. Learn more at
535 5.7.8  https://support.google.com/mail/?p=BadCredentials f2sm9071783pju.46 - gsmtp {"timestamp":"2021-03-15T05:28:51.707Z"}
info: sendMail error: Error: Invalid login: 535-5.7.8 Username and Password not accepted. Learn more at
535 5.7.8  https://support.google.com/mail/?p=BadCredentials o123sm12122225pfb.16 - gsmtp {"timestamp":"2021-03-15T05:29:12.970Z"}
info: sendMail error: Error: Invalid login: 535-5.7.8 Username and Password not accepted. Learn more at
535 5.7.8  https://support.google.com/mail/?p=BadCredentials q11sm11523273pfh.132 - gsmtp {"timestamp":"2021-03-15T05:29:40.235Z"}
info: sendMail error: Error: Invalid login: 535-5.7.8 Username and Password not accepted. Learn more at
535 5.7.8  https://support.google.com/mail/?p=BadCredentials r30sm11768779pgu.86 - gsmtp {"timestamp":"2021-03-15T05:30:08.060Z"}
info: sendMail error: Error: Invalid login: 535-5.7.8 Username and Password not accepted. Learn more at
535 5.7.8  https://support.google.com/mail/?p=BadCredentials 10sm11726719pfp.4 - gsmtp {"timestamp":"2021-03-15T05:38:28.028Z"}
info: run query: GetAllUsers  {"timestamp":"2021-03-15T05:39:21.102Z"}
info: sendMail error: Error: Invalid login: 535-5.7.8 Username and Password not accepted. Learn more at
535 5.7.8  https://support.google.com/mail/?p=BadCredentials q10sm11374696pgs.44 - gsmtp {"timestamp":"2021-03-15T05:39:21.546Z"}
info: run query: GetAllUsers  {"timestamp":"2021-03-15T05:40:08.959Z"}
info: sendMail error: Error: Invalid login: 535-5.7.8 Username and Password not accepted. Learn more at
535 5.7.8  https://support.google.com/mail/?p=BadCredentials e190sm12384882pfh.115 - gsmtp {"timestamp":"2021-03-15T05:40:09.423Z"}
